INFO [2022-03-21 08:37:28] [[1]]
INFO [2022-03-21 08:37:28] species
INFO [2022-03-21 08:37:28] 
INFO [2022-03-21 08:37:28] $filename
INFO [2022-03-21 08:37:28] [1] "Results/Virus/Alpha_diversity/Venn/venn.png"
INFO [2022-03-21 08:37:28] 
INFO [2022-03-21 08:37:28] $height
INFO [2022-03-21 08:37:28] [1] 5400
INFO [2022-03-21 08:37:28] 
INFO [2022-03-21 08:37:28] $width
INFO [2022-03-21 08:37:28] [1] 5400
INFO [2022-03-21 08:37:28] 
INFO [2022-03-21 08:37:28] $resolution
INFO [2022-03-21 08:37:28] [1] 600
INFO [2022-03-21 08:37:28] 
INFO [2022-03-21 08:37:28] $imagetype
INFO [2022-03-21 08:37:28] [1] "png"
INFO [2022-03-21 08:37:28] 
INFO [2022-03-21 08:37:28] $units
INFO [2022-03-21 08:37:28] [1] "px"
INFO [2022-03-21 08:37:28] 
INFO [2022-03-21 08:37:28] $lwd
INFO [2022-03-21 08:37:28] [1] 2
INFO [2022-03-21 08:37:28] 
INFO [2022-03-21 08:37:28] $lty
INFO [2022-03-21 08:37:28] [1] 1
INFO [2022-03-21 08:37:28] 
INFO [2022-03-21 08:37:28] $fill
INFO [2022-03-21 08:37:28] cbbPalette[1:length(aa)]
INFO [2022-03-21 08:37:28] 
INFO [2022-03-21 08:37:28] $cex
INFO [2022-03-21 08:37:28] [1] 1.5
INFO [2022-03-21 08:37:28] 
INFO [2022-03-21 08:37:28] $cat.cex
INFO [2022-03-21 08:37:28] [1] 2
INFO [2022-03-21 08:37:28] 
INFO [2022-03-21 08:37:28] $alpha
INFO [2022-03-21 08:37:28] [1] 0.8
INFO [2022-03-21 08:37:28] 
INFO [2022-03-21 08:37:28] $margin
INFO [2022-03-21 08:37:28] [1] 0.05
INFO [2022-03-21 08:37:28] 
INFO [2022-03-21 08:37:28] $fontface
INFO [2022-03-21 08:37:28] [1] 2
INFO [2022-03-21 08:37:28] 
INFO [2022-03-21 08:37:28] $cat.fontface
INFO [2022-03-21 08:37:28] [1] 2
INFO [2022-03-21 08:37:28] 
INFO [2022-03-21 08:37:28] $print.mode
INFO [2022-03-21 08:37:28] c("raw", "percent")
INFO [2022-03-21 08:37:28] 
