INFO [2022-03-21 08:35:38] [[1]]
INFO [2022-03-21 08:35:38] species
INFO [2022-03-21 08:35:38] 
INFO [2022-03-21 08:35:38] $filename
INFO [2022-03-21 08:35:38] [1] "Results/Bacteria/Alpha_diversity/Venn/venn.png"
INFO [2022-03-21 08:35:38] 
INFO [2022-03-21 08:35:38] $height
INFO [2022-03-21 08:35:38] [1] 5400
INFO [2022-03-21 08:35:38] 
INFO [2022-03-21 08:35:38] $width
INFO [2022-03-21 08:35:38] [1] 5400
INFO [2022-03-21 08:35:38] 
INFO [2022-03-21 08:35:38] $resolution
INFO [2022-03-21 08:35:38] [1] 600
INFO [2022-03-21 08:35:38] 
INFO [2022-03-21 08:35:38] $imagetype
INFO [2022-03-21 08:35:38] [1] "png"
INFO [2022-03-21 08:35:38] 
INFO [2022-03-21 08:35:38] $units
INFO [2022-03-21 08:35:38] [1] "px"
INFO [2022-03-21 08:35:38] 
INFO [2022-03-21 08:35:38] $lwd
INFO [2022-03-21 08:35:38] [1] 2
INFO [2022-03-21 08:35:38] 
INFO [2022-03-21 08:35:38] $lty
INFO [2022-03-21 08:35:38] [1] 1
INFO [2022-03-21 08:35:38] 
INFO [2022-03-21 08:35:38] $fill
INFO [2022-03-21 08:35:38] cbbPalette[1:length(aa)]
INFO [2022-03-21 08:35:38] 
INFO [2022-03-21 08:35:38] $cex
INFO [2022-03-21 08:35:38] [1] 1.5
INFO [2022-03-21 08:35:38] 
INFO [2022-03-21 08:35:38] $cat.cex
INFO [2022-03-21 08:35:38] [1] 2
INFO [2022-03-21 08:35:38] 
INFO [2022-03-21 08:35:38] $alpha
INFO [2022-03-21 08:35:38] [1] 0.8
INFO [2022-03-21 08:35:38] 
INFO [2022-03-21 08:35:38] $margin
INFO [2022-03-21 08:35:38] [1] 0.05
INFO [2022-03-21 08:35:38] 
INFO [2022-03-21 08:35:38] $fontface
INFO [2022-03-21 08:35:38] [1] 2
INFO [2022-03-21 08:35:38] 
INFO [2022-03-21 08:35:38] $cat.fontface
INFO [2022-03-21 08:35:38] [1] 2
INFO [2022-03-21 08:35:38] 
INFO [2022-03-21 08:35:38] $print.mode
INFO [2022-03-21 08:35:38] c("raw", "percent")
INFO [2022-03-21 08:35:38] 
